生成启动时间为 2018/12/13 15:37:21。
     1>项目“C:\Users\95720\Desktop\新建文件夹 (3)\new\20181212apriltag\20181212apriltag\20181212apriltag.vcxproj”在节点 2 上(Build 个目标)。
     1>ClCompile:
         C:\VisualStudio2013\VC\bin\CL.exe /c /IC:\eigen3 /ZI /nologo /W3 /WX- /sdl /Od /Oy- /D WIN32 /D _DEBUG /D _CONSOLE /D _LIB /D _UNICODE /D UNICODE /Gm /EHsc /RTC1 /MDd /GS /fp:precise /Zc:wchar_t /Zc:forScope /Fo"Debug\\" /Fd"Debug\vc120.pdb" /Gd /TP /analyze- /errorReport:prompt ..\example\apriltags_demo.cpp
         apriltags_demo.cpp
     1>c:\opencv\opencv\build\include\opencv2\core\mat.hpp(1965): warning C4819: 该文件包含不能在当前代码页(936)中表示的字符。请将该文件保存为 Unicode 格式以防止数据丢失
     1>c:\opencv\opencv\build\include\opencv2\core\persistence.hpp : warning C4819: 该文件包含不能在当前代码页(936)中表示的字符。请将该文件保存为 Unicode 格式以防止数据丢失
     1>c:\opencv\opencv\build\include\opencv2\core\utility.hpp : warning C4819: 该文件包含不能在当前代码页(936)中表示的字符。请将该文件保存为 Unicode 格式以防止数据丢失
     1>c:\eigen3\eigen\src\core\arch\cuda\half.h : warning C4819: 该文件包含不能在当前代码页(936)中表示的字符。请将该文件保存为 Unicode 格式以防止数据丢失
     1>c:\users\95720\desktop\新建文件夹 (3)\new\20181212apriltag\example\apriltags_demo.cpp(262): warning C4018: “<”: 有符号/无符号不匹配
     1>c:\users\95720\desktop\新建文件夹 (3)\new\20181212apriltag\example\apriltags_demo.cpp(268): warning C4018: “<”: 有符号/无符号不匹配
       Link:
         C:\VisualStudio2013\VC\bin\link.exe /ERRORREPORT:PROMPT /OUT:"C:\Users\95720\Desktop\新建文件夹 (3)\new\20181212apriltag\Debug\20181212apriltag.exe" /INCREMENTAL /NOLOGO /LIBPATH:C:\Opencv\opencv\build\x86\vc12\staticlib opencv_ts310d.lib opencv_world310d.lib opencv_aruco310d.lib opencv_bgsegm310d.lib opencv_bioinspired310d.lib opencv_calib3d310d.lib opencv_ccalib310d.lib opencv_core310d.lib opencv_datasets310d.lib opencv_dnn310d.lib opencv_dpm310d.lib opencv_face310d.lib opencv_features2d310d.lib opencv_flann310d.lib opencv_fuzzy310d.lib opencv_highgui310d.lib opencv_imgcodecs310d.lib opencv_imgproc310d.lib opencv_line_descriptor310d.lib opencv_ml310d.lib opencv_objdetect310d.lib opencv_optflow310d.lib opencv_photo310d.lib opencv_plot310d.lib opencv_reg310d.lib opencv_rgbd310d.lib opencv_saliency310d.lib opencv_shape310d.lib opencv_stereo310d.lib opencv_stitching310d.lib opencv_structured_light310d.lib opencv_superres310d.lib opencv_surface_matching310d.lib opencv_text310d.lib opencv_tracking310d.lib opencv_video310d.lib opencv_videoio310d.lib opencv_videostab310d.lib opencv_xfeatures2d310d.lib opencv_ximgproc310d.lib opencv_xobjdetect310d.lib opencv_xphoto310d.lib kernel32.lib user32.lib gdi32.lib winspool.lib comdlg32.lib advapi32.lib shell32.lib ole32.lib oleaut32.lib uuid.lib odbc32.lib odbccp32.lib /MANIFEST /MANIFESTUAC:"level='asInvoker' uiAccess='false'" /manifest:embed /DEBUG /PDB:"C:\Users\95720\Desktop\新建文件夹 (3)\new\20181212apriltag\Debug\20181212apriltag.pdb" /SUBSYSTEM:CONSOLE /TLBID:1 /DYNAMICBASE /NXCOMPAT /IMPLIB:"C:\Users\95720\Desktop\新建文件夹 (3)\new\20181212apriltag\Debug\20181212apriltag.lib" /MACHINE:X86 Debug\apriltags_demo.obj
         Debug\Edge.obj
         Debug\FloatImage.obj
         Debug\Gaussian.obj
         Debug\GLine2D.obj
         Debug\GLineSegment2D.obj
         Debug\GrayModel.obj
         Debug\Homography33.obj
         Debug\MathUtil.obj
         Debug\Quad.obj
         Debug\Segment.obj
         Debug\TagDetection.obj
         Debug\TagDetector.obj
         Debug\TagFamily.obj
         Debug\UnionFindSimple.obj
         20181212apriltag.vcxproj -> C:\Users\95720\Desktop\新建文件夹 (3)\new\20181212apriltag\Debug\20181212apriltag.exe
     1>已完成生成项目“C:\Users\95720\Desktop\新建文件夹 (3)\new\20181212apriltag\20181212apriltag\20181212apriltag.vcxproj”(Build 个目标)的操作。

生成成功。

已用时间 00:00:04.43
